#
# There is insufficient memory for the Java Runtime Environment to continue.
# Native memory allocation (malloc) failed to allocate 347056 bytes for Chunk::new
# Possible reasons:
#   The system is out of physical RAM or swap space
#   The process is running with CompressedOops enabled, and the Java Heap may be blocking the growth of the native heap
# Possible solutions:
#   Reduce memory load on the system
#   Increase physical memory or swap space
#   Check if swap backing store is full
#   Decrease Java heap size (-Xmx/-Xms)
#   Decrease number of Java threads
#   Decrease Java thread stack sizes (-Xss)
#   Set larger code cache with -XX:ReservedCodeCacheSize=
#   JVM is running with Unscaled Compressed Oops mode in which the Java heap is
#     placed in the first 4GB address space. The Java Heap base address is the
#     maximum limit for the native heap growth. Please use -XX:HeapBaseMinAddress
#     to set the Java Heap base and to place the Java Heap above 4GB virtual address.
# This output file may be truncated or incomplete.
#
#  Out of Memory Error (t:/workspace/open/src/hotspot/share/memory/arena.cpp:197), pid=14124, tid=12120
#
# JRE version: Java(TM) SE Runtime Environment (11.0.6+8) (build 11.0.6+8-LTS)
# Java VM: Java HotSpot(TM) 64-Bit Server VM (11.0.6+8-LTS, mixed mode, tiered, compressed oops, parallel gc, windows-amd64)
# No core dump will be written. Minidumps are not enabled by default on client versions of Windows
#

---------------  S U M M A R Y ------------

Command Line: --add-modules=ALL-SYSTEM --add-opens=java.base/java.util=ALL-UNNAMED --add-opens=java.base/java.lang=ALL-UNNAMED -Declipse.application=org.eclipse.jdt.ls.core.id1 -Dosgi.bundles.defaultStartLevel=4 -Declipse.product=org.eclipse.jdt.ls.core.product -Dfile.encoding=utf8 -DwatchParentProcess=false -XX:+UseParallelGC -XX:GCTimeRatio=4 -XX:AdaptiveSizePolicyWeight=90 -Dsun.zip.disableMemoryMapping=true -Xmx1G -Xms100m -Xverify:none c:\Users\Renzo\.vscode\extensions\redhat.java-0.81.0\server\plugins\org.eclipse.equinox.launcher_1.6.200.v20210416-2027.jar -configuration c:\Users\Renzo\AppData\Roaming\Code\User\globalStorage\redhat.java\0.81.0\config_win -data c:\Users\Renzo\AppData\Roaming\Code\User\workspaceStorage\ec4be4d5b39b870c8c1a6af2b4060e13\redhat.java\jdt_ws

Host: Intel(R) Core(TM) i3-8100 CPU @ 3.60GHz, 4 cores, 14G,  Windows 10 , 64 bit Build 19041 (10.0.19041.1151)
Time: Mon Aug 23 09:32:55 2021 Hora estándar de Argentina elapsed time: 3223 seconds (0d 0h 53m 43s)

---------------  T H R E A D  ---------------

Current thread (0x000001f93c9e5000):  JavaThread "C2 CompilerThread0" daemon [_thread_in_native, id=12120, stack(0x0000008364b00000,0x0000008364c00000)]


Current CompileTask:
C2:3223143 13605   !   4       org.eclipse.jdt.internal.compiler.parser.Scanner::jumpOverMethodBody (2089 bytes)

Stack: [0x0000008364b00000,0x0000008364c00000]
Native frames: (J=compiled Java code, j=interpreted, Vv=VM code, C=native code)
V  [jvm.dll+0x63679a]
V  [jvm.dll+0x7755bf]
V  [jvm.dll+0x776c65]
V  [jvm.dll+0x7772d3]
V  [jvm.dll+0x25e7f8]
V  [jvm.dll+0xc1c01]
V  [jvm.dll+0xc219c]
V  [jvm.dll+0x36d977]
V  [jvm.dll+0x1a8db9]
V  [jvm.dll+0x218462]
V  [jvm.dll+0x2174fa]
V  [jvm.dll+0x193a2c]
V  [jvm.dll+0x226544]
V  [jvm.dll+0x224b28]
V  [jvm.dll+0x73a9c5]
V  [jvm.dll+0x733905]
V  [jvm.dll+0x635846]
C  [ucrtbase.dll+0x21bb2]
C  [KERNEL32.DLL+0x17034]
C  [ntdll.dll+0x52651]


---------------  P R O C E S S  ---------------

Threads class SMR info:
_java_thread_list=0x000001f94d40d000, length=36, elements={
0x000001f9224c2800, 0x000001f93c971800, 0x000001f93c97d800, 0x000001f93c9e0800,
0x000001f93c9e3800, 0x000001f93c9e5000, 0x000001f93c9e9800, 0x000001f93c9ed800,
0x000001f93dc67800, 0x000001f93dd54800, 0x000001f93f104800, 0x000001f93e0eb000,
0x000001f93e44a800, 0x000001f93e50f000, 0x000001f93f386800, 0x000001f93f2db800,
0x000001f940914000, 0x000001f93f69d800, 0x000001f93f6a2000, 0x000001f93f6a3000,
0x000001f93f69f000, 0x000001f94cee9800, 0x000001f94cee8000, 0x000001f94cef0000,
0x000001f94cef2000, 0x000001f94ceed000, 0x000001f94ceec000, 0x000001f94cef3800,
0x000001f94cef2800, 0x000001f94cef1000, 0x000001f94ceef800, 0x000001f94ceea800,
0x000001f94cee7800, 0x000001f94ceee000, 0x000001f94ceee800, 0x000001f94e809800
}

Java Threads: ( => current thread )
  0x000001f9224c2800 JavaThread "main" [_thread_blocked, id=14272, stack(0x0000008364400000,0x0000008364500000)]
  0x000001f93c971800 JavaThread "Reference Handler" daemon [_thread_blocked, id=14256, stack(0x0000008364700000,0x0000008364800000)]
  0x000001f93c97d800 JavaThread "Finalizer" daemon [_thread_blocked, id=14280, stack(0x0000008364800000,0x0000008364900000)]
  0x000001f93c9e0800 JavaThread "Signal Dispatcher" daemon [_thread_blocked, id=684, stack(0x0000008364900000,0x0000008364a00000)]
  0x000001f93c9e3800 JavaThread "Attach Listener" daemon [_thread_blocked, id=14316, stack(0x0000008364a00000,0x0000008364b00000)]
=>0x000001f93c9e5000 JavaThread "C2 CompilerThread0" daemon [_thread_in_native, id=12120, stack(0x0000008364b00000,0x0000008364c00000)]
  0x000001f93c9e9800 JavaThread "C1 CompilerThread0" daemon [_thread_blocked, id=10604, stack(0x0000008364c00000,0x0000008364d00000)]
  0x000001f93c9ed800 JavaThread "Sweeper thread" daemon [_thread_blocked, id=14324, stack(0x0000008364d00000,0x0000008364e00000)]
  0x000001f93dc67800 JavaThread "Common-Cleaner" daemon [_thread_blocked, id=13392, stack(0x0000008364e00000,0x0000008364f00000)]
  0x000001f93dd54800 JavaThread "Service Thread" daemon [_thread_blocked, id=11536, stack(0x0000008364f00000,0x0000008365000000)]
  0x000001f93f104800 JavaThread "Active Thread: Equinox Container: 1f9ed515-94a8-450c-889b-e0bf7fad7d44" [_thread_blocked, id=13332, stack(0x0000008365200000,0x0000008365300000)]
  0x000001f93e0eb000 JavaThread "Framework Event Dispatcher: Equinox Container: 1f9ed515-94a8-450c-889b-e0bf7fad7d44" daemon [_thread_blocked, id=14100, stack(0x0000008365100000,0x0000008365200000)]
  0x000001f93e44a800 JavaThread "Start Level: Equinox Container: 1f9ed515-94a8-450c-889b-e0bf7fad7d44" daemon [_thread_blocked, id=13848, stack(0x0000008365300000,0x0000008365400000)]
  0x000001f93e50f000 JavaThread "SCR Component Actor" daemon [_thread_blocked, id=14044, stack(0x0000008365700000,0x0000008365800000)]
  0x000001f93f386800 JavaThread "Bundle File Closer" daemon [_thread_blocked, id=13548, stack(0x0000008365a00000,0x0000008365b00000)]
  0x000001f93f2db800 JavaThread "Worker-JM" [_thread_blocked, id=13364, stack(0x0000008365900000,0x0000008365a00000)]
  0x000001f940914000 JavaThread "Worker-2" [_thread_blocked, id=13340, stack(0x0000008365e00000,0x0000008365f00000)]
  0x000001f93f69d800 JavaThread "Java indexing" daemon [_thread_blocked, id=13968, stack(0x0000008365b00000,0x0000008365c00000)]
  0x000001f93f6a2000 JavaThread "logback configurator timer" daemon [_thread_blocked, id=8980, stack(0x0000008365f00000,0x0000008366000000)]
  0x000001f93f6a3000 JavaThread "pool-2-thread-1" [_thread_in_native, id=14112, stack(0x0000008366000000,0x0000008366100000)]
  0x000001f93f69f000 JavaThread "Worker-4" [_thread_blocked, id=13640, stack(0x0000008366300000,0x0000008366400000)]
  0x000001f94cee9800 JavaThread "ForkJoinPool.commonPool-worker-7" daemon [_thread_blocked, id=15012, stack(0x0000008366900000,0x0000008366a00000)]
  0x000001f94cee8000 JavaThread "Java Debug Server" daemon [_thread_in_native, id=14464, stack(0x0000008366b00000,0x0000008366c00000)]
  0x000001f94cef0000 JavaThread "pool-3-thread-1" [_thread_in_native, id=14472, stack(0x0000008366c00000,0x0000008366d00000)]
  0x000001f94cef2000 JavaThread "RxSchedulerPurge-1" daemon [_thread_blocked, id=14496, stack(0x0000008366d00000,0x0000008366e00000)]
  0x000001f94ceed000 JavaThread "RxCachedWorkerPoolEvictor-1" daemon [_thread_blocked, id=11308, stack(0x0000008366e00000,0x0000008366f00000)]
  0x000001f94ceec000 JavaThread "RxNewThreadScheduler-1" daemon [_thread_blocked, id=7432, stack(0x0000008366f00000,0x0000008367000000)]
  0x000001f94cef3800 JavaThread "Thread-4" daemon [_thread_in_native, id=14244, stack(0x0000008367000000,0x0000008367100000)]
  0x000001f94cef2800 JavaThread "Debuggee Stdout Handler" daemon [_thread_in_native, id=14328, stack(0x0000008367100000,0x0000008367200000)]
  0x000001f94cef1000 JavaThread "Debuggee Stderr Handler" daemon [_thread_in_native, id=13320, stack(0x0000008367200000,0x0000008367300000)]
  0x000001f94ceef800 JavaThread "RxNewThreadScheduler-2" daemon [_thread_blocked, id=14556, stack(0x0000008367300000,0x0000008367400000)]
  0x000001f94ceea800 JavaThread "ForkJoinPool.commonPool-worker-3" daemon [_thread_blocked, id=13888, stack(0x0000008364200000,0x0000008364300000)]
  0x000001f94cee7800 JavaThread "ForkJoinPool.commonPool-worker-5" daemon [_thread_blocked, id=18212, stack(0x0000008364300000,0x0000008364400000)]
  0x000001f94ceee000 JavaThread "Worker-7" [_thread_blocked, id=14868, stack(0x0000008365c00000,0x0000008365d00000)]
  0x000001f94ceee800 JavaThread "ForkJoinPool.commonPool-worker-1" daemon [_thread_blocked, id=14916, stack(0x0000008365d00000,0x0000008365e00000)]
  0x000001f94e809800 JavaThread "C2 CompilerThread1" daemon [_thread_in_native, id=8104, stack(0x0000008365800000,0x0000008365900000)]

Other Threads:
  0x000001f93c8a9800 VMThread "VM Thread" [stack: 0x0000008364600000,0x0000008364700000] [id=14120]
  0x000001f93dd69000 WatcherThread [stack: 0x0000008365000000,0x0000008365100000] [id=11400]
  0x000001f9224da800 GCTaskThread "ParGC Thread#0" [stack: 0x0000008364500000,0x0000008364600000] [id=14180]
  0x000001f93e451800 GCTaskThread "ParGC Thread#1" [stack: 0x0000008365400000,0x0000008365500000] [id=13384]
  0x000001f93e456800 GCTaskThread "ParGC Thread#2" [stack: 0x0000008365500000,0x0000008365600000] [id=13784]
  0x000001f93e457000 GCTaskThread "ParGC Thread#3" [stack: 0x0000008365600000,0x0000008365700000] [id=13336]

Threads with active compile tasks:
C2 CompilerThread013605   !   4       org.eclipse.jdt.internal.compiler.parser.Scanner::jumpOverMethodBody (2089 bytes)
C2 CompilerThread113620       4       org.eclipse.jdt.internal.compiler.classfmt.ModuleInfo::readModuleAttribute (1166 bytes)

VM state:not at safepoint (normal execution)

VM Mutex/Monitor currently owned by a thread: None

Heap address: 0x00000000c0000000, size: 1024 MB, Compressed Oops mode: 32-bit
Narrow klass base: 0x0000000000000000, Narrow klass shift: 3
Compressed class space size: 1073741824 Address: 0x0000000100000000

Heap:
 PSYoungGen      total 9216K, used 7813K [0x00000000eab00000, 0x00000000ebe00000, 0x0000000100000000)
  eden space 6144K, 77% used [0x00000000eab00000,0x00000000eafa5538,0x00000000eb100000)
  from space 3072K, 99% used [0x00000000eb100000,0x00000000eb3fc018,0x00000000eb400000)
  to   space 6656K, 0% used [0x00000000eb780000,0x00000000eb780000,0x00000000ebe00000)
 ParOldGen       total 164352K, used 119543K [0x00000000c0000000, 0x00000000ca080000, 0x00000000eab00000)
  object space 164352K, 72% used [0x00000000c0000000,0x00000000c74bdcf0,0x00000000ca080000)
 Metaspace       used 76833K, capacity 80307K, committed 80916K, reserved 1122304K
  class space    used 7321K, capacity 8626K, committed 8832K, reserved 1048576K

Card table byte_map: [0x000001f939a60000,0x000001f939c70000] _byte_map_base: 0x000001f939460000

Marking Bits: (ParMarkBitMap*) 0x00007ffc2dc7fca0
 Begin Bits: [0x000001f939dd0000, 0x000001f93add0000)
 End Bits:   [0x000001f93add0000, 0x000001f93bdd0000)

Polling page: 0x000001f920b30000

Metaspace:

Usage:
  Non-class:     70.00 MB capacity,    67.88 MB ( 97%) used,     1.95 MB (  3%) free+waste,   167.56 KB ( <1%) overhead. 
      Class:      8.42 MB capacity,     7.15 MB ( 85%) used,     1.20 MB ( 14%) free+waste,    74.13 KB ( <1%) overhead. 
       Both:     78.42 MB capacity,    75.03 MB ( 96%) used,     3.16 MB (  4%) free+waste,   241.69 KB ( <1%) overhead. 

Virtual space:
  Non-class space:       72.00 MB reserved,      70.39 MB ( 98%) committed 
      Class space:        1.00 GB reserved,       8.63 MB ( <1%) committed 
             Both:        1.07 GB reserved,      79.02 MB (  7%) committed 

Chunk freelists:
   Non-Class:  42.38 KB
       Class:  17.75 KB
        Both:  60.13 KB

CodeHeap 'non-profiled nmethods': size=120064Kb used=9778Kb max_used=9778Kb free=110285Kb
 bounds [0x000001f932330000, 0x000001f932cc0000, 0x000001f939870000]
CodeHeap 'profiled nmethods': size=120000Kb used=30399Kb max_used=31224Kb free=89600Kb
 bounds [0x000001f92ae00000, 0x000001f92ccb0000, 0x000001f932330000]
CodeHeap 'non-nmethods': size=5696Kb used=1309Kb max_used=1388Kb free=4386Kb
 bounds [0x000001f92a870000, 0x000001f92aae0000, 0x000001f92ae00000]
 total_blobs=17384 nmethods=12030 adapters=623
 compilation: enabled
              stopped_count=0, restarted_count=0
 full_count=0

Compilation events (10 events):
Event: 3223.111 Thread 0x000001f93c9e9800 13619       3       java.util.concurrent.ForkJoinPool::scan (209 bytes)
Event: 3223.113 Thread 0x000001f93c9e9800 nmethod 13619 0x000001f92bd08490 code [0x000001f92bd08880, 0x000001f92bd0a420]
Event: 3223.113 Thread 0x000001f93c9e9800 13623   !   3       org.eclipse.jdt.internal.core.JavaModelManager::getPerProjectInfo (62 bytes)
Event: 3223.113 Thread 0x000001f93c9e9800 nmethod 13623 0x000001f92bd13490 code [0x000001f92bd13680, 0x000001f92bd13d30]
Event: 3223.113 Thread 0x000001f93c9e9800 13624       3       org.eclipse.jdt.internal.core.builder.ClasspathLocation::listPackages (4 bytes)
Event: 3223.113 Thread 0x000001f93c9e9800 nmethod 13624 0x000001f92bcb7390 code [0x000001f92bcb7540, 0x000001f92bcb76b8]
Event: 3223.126 Thread 0x000001f93c9e9800 13626       3       java.io.FilterOutputStream::write (9 bytes)
Event: 3223.126 Thread 0x000001f93c9e9800 nmethod 13626 0x000001f92bcc9410 code [0x000001f92bcc95e0, 0x000001f92bcc9810]
Event: 3223.132 Thread 0x000001f93c9e9800 13627       3       org.eclipse.jdt.internal.core.builder.ClasspathJar::listPackages (104 bytes)
Event: 3223.132 Thread 0x000001f93c9e9800 nmethod 13627 0x000001f92bd20590 code [0x000001f92bd20820, 0x000001f92bd215d0]

GC Heap History (10 events):
Event: 3203.382 GC heap before
{Heap before GC invocations=214 (full 8):
 PSYoungGen      total 10240K, used 10237K [0x00000000eab00000, 0x00000000ebd00000, 0x0000000100000000)
  eden space 6144K, 100% used [0x00000000eab00000,0x00000000eb100000,0x00000000eb100000)
  from space 4096K, 99% used [0x00000000eb680000,0x00000000eba7f580,0x00000000eba80000)
  to   space 5632K, 0% used [0x00000000eb100000,0x00000000eb100000,0x00000000eb680000)
 ParOldGen       total 156672K, used 150401K [0x00000000c0000000, 0x00000000c9900000, 0x00000000eab00000)
  object space 156672K, 95% used [0x00000000c0000000,0x00000000c92e0510,0x00000000c9900000)
 Metaspace       used 76797K, capacity 80179K, committed 80916K, reserved 1122304K
  class space    used 7321K, capacity 8626K, committed 8832K, reserved 1048576K
}
Event: 3203.385 GC heap after
{Heap after GC invocations=214 (full 8):
 PSYoungGen      total 7168K, used 992K [0x00000000eab00000, 0x00000000eb700000, 0x0000000100000000)
  eden space 6144K, 0% used [0x00000000eab00000,0x00000000eab00000,0x00000000eb100000)
  from space 1024K, 96% used [0x00000000eb100000,0x00000000eb1f8000,0x00000000eb200000)
  to   space 2560K, 0% used [0x00000000eb480000,0x00000000eb480000,0x00000000eb700000)
 ParOldGen       total 156672K, used 154527K [0x00000000c0000000, 0x00000000c9900000, 0x00000000eab00000)
  object space 156672K, 98% used [0x00000000c0000000,0x00000000c96e7d10,0x00000000c9900000)
 Metaspace       used 76797K, capacity 80179K, committed 80916K, reserved 1122304K
  class space    used 7321K, capacity 8626K, committed 8832K, reserved 1048576K
}
Event: 3203.385 GC heap before
{Heap before GC invocations=215 (full 9):
 PSYoungGen      total 7168K, used 992K [0x00000000eab00000, 0x00000000eb700000, 0x0000000100000000)
  eden space 6144K, 0% used [0x00000000eab00000,0x00000000eab00000,0x00000000eb100000)
  from space 1024K, 96% used [0x00000000eb100000,0x00000000eb1f8000,0x00000000eb200000)
  to   space 2560K, 0% used [0x00000000eb480000,0x00000000eb480000,0x00000000eb700000)
 ParOldGen       total 156672K, used 154527K [0x00000000c0000000, 0x00000000c9900000, 0x00000000eab00000)
  object space 156672K, 98% used [0x00000000c0000000,0x00000000c96e7d10,0x00000000c9900000)
 Metaspace       used 76797K, capacity 80179K, committed 80916K, reserved 1122304K
  class space    used 7321K, capacity 8626K, committed 8832K, reserved 1048576K
}
Event: 3203.499 GC heap after
{Heap after GC invocations=215 (full 9):
 PSYoungGen      total 9728K, used 0K [0x00000000eab00000, 0x00000000eb780000, 0x0000000100000000)
  eden space 7168K, 0% used [0x00000000eab00000,0x00000000eab00000,0x00000000eb200000)
  from space 2560K, 0% used [0x00000000eb480000,0x00000000eb480000,0x00000000eb700000)
  to   space 2560K, 0% used [0x00000000eb200000,0x00000000eb200000,0x00000000eb480000)
 ParOldGen       total 164352K, used 115063K [0x00000000c0000000, 0x00000000ca080000, 0x00000000eab00000)
  object space 164352K, 70% used [0x00000000c0000000,0x00000000c705dc70,0x00000000ca080000)
 Metaspace       used 76797K, capacity 80179K, committed 80916K, reserved 1122304K
  class space    used 7321K, capacity 8626K, committed 8832K, reserved 1048576K
}
Event: 3203.510 GC heap before
{Heap before GC invocations=216 (full 9):
 PSYoungGen      total 9728K, used 7168K [0x00000000eab00000, 0x00000000eb780000, 0x0000000100000000)
  eden space 7168K, 100% used [0x00000000eab00000,0x00000000eb200000,0x00000000eb200000)
  from space 2560K, 0% used [0x00000000eb480000,0x00000000eb480000,0x00000000eb700000)
  to   space 2560K, 0% used [0x00000000eb200000,0x00000000eb200000,0x00000000eb480000)
 ParOldGen       total 164352K, used 115063K [0x00000000c0000000, 0x00000000ca080000, 0x00000000eab00000)
  object space 164352K, 70% used [0x00000000c0000000,0x00000000c705dc70,0x00000000ca080000)
 Metaspace       used 76802K, capacity 80179K, committed 80916K, reserved 1122304K
  class space    used 7321K, capacity 8626K, committed 8832K, reserved 1048576K
}
Event: 3203.516 GC heap after
{Heap after GC invocations=216 (full 9):
 PSYoungGen      total 8192K, used 640K [0x00000000eab00000, 0x00000000eb500000, 0x0000000100000000)
  eden space 7168K, 0% used [0x00000000eab00000,0x00000000eab00000,0x00000000eb200000)
  from space 1024K, 62% used [0x00000000eb200000,0x00000000eb2a0000,0x00000000eb300000)
  to   space 1024K, 0% used [0x00000000eb400000,0x00000000eb400000,0x00000000eb500000)
 ParOldGen       total 164352K, used 115071K [0x00000000c0000000, 0x00000000ca080000, 0x00000000eab00000)
  object space 164352K, 70% used [0x00000000c0000000,0x00000000c705fc70,0x00000000ca080000)
 Metaspace       used 76802K, capacity 80179K, committed 80916K, reserved 1122304K
  class space    used 7321K, capacity 8626K, committed 8832K, reserved 1048576K
}
Event: 3223.087 GC heap before
{Heap before GC invocations=217 (full 9):
 PSYoungGen      total 8192K, used 7807K [0x00000000eab00000, 0x00000000eb500000, 0x0000000100000000)
  eden space 7168K, 99% used [0x00000000eab00000,0x00000000eb1ffff0,0x00000000eb200000)
  from space 1024K, 62% used [0x00000000eb200000,0x00000000eb2a0000,0x00000000eb300000)
  to   space 1024K, 0% used [0x00000000eb400000,0x00000000eb400000,0x00000000eb500000)
 ParOldGen       total 164352K, used 115071K [0x00000000c0000000, 0x00000000ca080000, 0x00000000eab00000)
  object space 164352K, 70% used [0x00000000c0000000,0x00000000c705fc70,0x00000000ca080000)
 Metaspace       used 76823K, capacity 80243K, committed 80916K, reserved 1122304K
  class space    used 7321K, capacity 8626K, committed 8832K, reserved 1048576K
}
Event: 3223.090 GC heap after
{Heap after GC invocations=217 (full 9):
 PSYoungGen      total 7168K, used 1000K [0x00000000eab00000, 0x00000000eb800000, 0x0000000100000000)
  eden space 6144K, 0% used [0x00000000eab00000,0x00000000eab00000,0x00000000eb100000)
  from space 1024K, 97% used [0x00000000eb400000,0x00000000eb4fa3c0,0x00000000eb500000)
  to   space 3072K, 0% used [0x00000000eb100000,0x00000000eb100000,0x00000000eb400000)
 ParOldGen       total 164352K, used 116745K [0x00000000c0000000, 0x00000000ca080000, 0x00000000eab00000)
  object space 164352K, 71% used [0x00000000c0000000,0x00000000c7202530,0x00000000ca080000)
 Metaspace       used 76823K, capacity 80243K, committed 80916K, reserved 1122304K
  class space    used 7321K, capacity 8626K, committed 8832K, reserved 1048576K
}
Event: 3223.117 GC heap before
{Heap before GC invocations=218 (full 9):
 PSYoungGen      total 7168K, used 7131K [0x00000000eab00000, 0x00000000eb800000, 0x0000000100000000)
  eden space 6144K, 99% used [0x00000000eab00000,0x00000000eb0fcad0,0x00000000eb100000)
  from space 1024K, 97% used [0x00000000eb400000,0x00000000eb4fa3c0,0x00000000eb500000)
  to   space 3072K, 0% used [0x00000000eb100000,0x00000000eb100000,0x00000000eb400000)
 ParOldGen       total 164352K, used 116745K [0x00000000c0000000, 0x00000000ca080000, 0x00000000eab00000)
  object space 164352K, 71% used [0x00000000c0000000,0x00000000c7202530,0x00000000ca080000)
 Metaspace       used 76833K, capacity 80307K, committed 80916K, reserved 1122304K
  class space    used 7321K, capacity 8626K, committed 8832K, reserved 1048576K
}
Event: 3223.120 GC heap after
{Heap after GC invocations=218 (full 9):
 PSYoungGen      total 9216K, used 3056K [0x00000000eab00000, 0x00000000ebe00000, 0x0000000100000000)
  eden space 6144K, 0% used [0x00000000eab00000,0x00000000eab00000,0x00000000eb100000)
  from space 3072K, 99% used [0x00000000eb100000,0x00000000eb3fc018,0x00000000eb400000)
  to   space 6656K, 0% used [0x00000000eb780000,0x00000000eb780000,0x00000000ebe00000)
 ParOldGen       total 164352K, used 119543K [0x00000000c0000000, 0x00000000ca080000, 0x00000000eab00000)
  object space 164352K, 72% used [0x00000000c0000000,0x00000000c74bdcf0,0x00000000ca080000)
 Metaspace       used 76833K, capacity 80307K, committed 80916K, reserved 1122304K
  class space    used 7321K, capacity 8626K, committed 8832K, reserved 1048576K
}

Deoptimization events (10 events):
Event: 3202.957 Thread 0x000001f94cee7800 Uncommon trap: reason=class_check action=maybe_recompile pc=0x000001f932661388 method=org.eclipse.jdt.internal.compiler.parser.Parser.pushIdentifier()V @ 5 c2
Event: 3202.957 Thread 0x000001f94cee7800 Uncommon trap: reason=class_check action=maybe_recompile pc=0x000001f932661388 method=org.eclipse.jdt.internal.compiler.parser.Parser.pushIdentifier()V @ 5 c2
Event: 3202.957 Thread 0x000001f94cee7800 Uncommon trap: reason=class_check action=maybe_recompile pc=0x000001f932661388 method=org.eclipse.jdt.internal.compiler.parser.Parser.pushIdentifier()V @ 5 c2
Event: 3202.985 Thread 0x000001f94cee7800 Uncommon trap: reason=unstable_if action=reinterpret pc=0x000001f9325884fc method=org.eclipse.jdt.internal.compiler.parser.Parser.recoveryExitFromVariable()V @ 4 c2
Event: 3202.998 Thread 0x000001f94ceee800 Uncommon trap: reason=unstable_if action=reinterpret pc=0x000001f932c51474 method=org.eclipse.jdt.internal.core.index.DiskIndex.addQueryResults([[C[CILorg/eclipse/jdt/internal/core/index/MemoryIndex;)Lorg/eclipse/jdt/internal/compiler/util/HashtableOfObje
Event: 3202.999 Thread 0x000001f94ceee800 Uncommon trap: reason=unstable_if action=reinterpret pc=0x000001f932923ad4 method=org.eclipse.jdt.internal.compiler.util.HashtableOfObject.putUnsafely([CLjava/lang/Object;)V @ 70 c2
Event: 3203.110 Thread 0x000001f94cee7800 Uncommon trap: reason=unstable_if action=reinterpret pc=0x000001f932c5292c method=org.eclipse.jdt.core.compiler.CharOperation.prefixEquals([C[CZI)Z @ 16 c2
Event: 3203.150 Thread 0x000001f94cee7800 Uncommon trap: reason=class_check action=maybe_recompile pc=0x000001f932c54500 method=org.eclipse.jdt.internal.core.Openable.exists()Z @ 13 c2
Event: 3203.538 Thread 0x000001f94ceea800 Uncommon trap: reason=class_check action=maybe_recompile pc=0x000001f932c54500 method=org.eclipse.jdt.internal.core.Openable.exists()Z @ 13 c2
Event: 3223.084 Thread 0x000001f94ceea800 Uncommon trap: reason=null_check action=make_not_entrant pc=0x000001f932590f24 method=java.lang.ThreadLocal$ThreadLocalMap.getEntryAfterMiss(Ljava/lang/ThreadLocal;ILjava/lang/ThreadLocal$ThreadLocalMap$Entry;)Ljava/lang/ThreadLocal$ThreadLocalMap$Entry; 

Classes redefined (0 events):
No events

Internal exceptions (10 events):
Event: 3202.973 Thread 0x000001f94cee7800 Exception <a 'java/lang/ArrayIndexOutOfBoundsException'{0x00000000eab21d48}: Index 5825 out of bounds for length 5825> (0x00000000eab21d48) thrown at [t:/workspace/open/src/hotspot/share/interpreter/interpreterRuntime.cpp, line 459]
Event: 3202.973 Thread 0x000001f94cee7800 Exception <a 'java/lang/ArrayIndexOutOfBoundsException'{0x00000000eab327e0}: Index 11 out of bounds for length 11> (0x00000000eab327e0) thrown at [t:/workspace/open/src/hotspot/share/interpreter/interpreterRuntime.cpp, line 459]
Event: 3203.136 Thread 0x000001f94ceea800 Exception <a 'java/lang/ArrayIndexOutOfBoundsException'{0x00000000eab68a18}: Index 5559 out of bounds for length 5559> (0x00000000eab68a18) thrown at [t:/workspace/open/src/hotspot/share/interpreter/interpreterRuntime.cpp, line 459]
Event: 3203.168 Thread 0x000001f94ceea800 Exception <a 'java/lang/ArrayIndexOutOfBoundsException'{0x00000000eaca3070}: Index 3826 out of bounds for length 3826> (0x00000000eaca3070) thrown at [t:/workspace/open/src/hotspot/share/interpreter/interpreterRuntime.cpp, line 459]
Event: 3203.170 Thread 0x000001f94ceea800 Exception <a 'java/lang/ArrayIndexOutOfBoundsException'{0x00000000eacb7730}: Index 6407 out of bounds for length 6407> (0x00000000eacb7730) thrown at [t:/workspace/open/src/hotspot/share/interpreter/interpreterRuntime.cpp, line 459]
Event: 3203.177 Thread 0x000001f94ceea800 Exception <a 'java/lang/ArrayIndexOutOfBoundsException'{0x00000000eacd3dd0}: Index 5825 out of bounds for length 5825> (0x00000000eacd3dd0) thrown at [t:/workspace/open/src/hotspot/share/interpreter/interpreterRuntime.cpp, line 459]
Event: 3203.179 Thread 0x000001f94ceea800 Exception <a 'java/lang/ArrayIndexOutOfBoundsException'{0x00000000eacddcf8}: Index 410 out of bounds for length 410> (0x00000000eacddcf8) thrown at [t:/workspace/open/src/hotspot/share/interpreter/interpreterRuntime.cpp, line 459]
Event: 3203.185 Thread 0x000001f94ceea800 Exception <a 'java/lang/ArrayIndexOutOfBoundsException'{0x00000000ead1eeb8}: Index 220 out of bounds for length 220> (0x00000000ead1eeb8) thrown at [t:/workspace/open/src/hotspot/share/interpreter/interpreterRuntime.cpp, line 459]
Event: 3203.348 Thread 0x000001f94ceea800 Exception <a 'java/lang/ArrayIndexOutOfBoundsException'{0x00000000ead503e0}: Index 5559 out of bounds for length 5559> (0x00000000ead503e0) thrown at [t:/workspace/open/src/hotspot/share/interpreter/interpreterRuntime.cpp, line 459]
Event: 3223.084 Thread 0x000001f94ceea800 Implicit null exception at 0x000001f932590e79 to 0x000001f932590efe

Events (10 events):
Event: 3223.084 Thread 0x000001f94ceea800 Uncommon trap: trap_request=0xfffffff4 fr.pc=0x000001f932590f24 relative=0x0000000000000104
Event: 3223.084 Thread 0x000001f94ceea800 DEOPT PACKING pc=0x000001f932590f24 sp=0x00000083642fe060
Event: 3223.084 Thread 0x000001f94ceea800 DEOPT UNPACKING pc=0x000001f92a89872f sp=0x00000083642fdfd8 mode 2
Event: 3223.087 Executing VM operation: ParallelGCFailedAllocation
Event: 3223.090 Executing VM operation: ParallelGCFailedAllocation done
Event: 3223.091 Thread 0x000001f94e809800 Thread added: 0x000001f94e809800
Event: 3223.117 Executing VM operation: ParallelGCFailedAllocation
Event: 3223.120 Executing VM operation: ParallelGCFailedAllocation done
Event: 3223.132 Thread 0x000001f94ceea800 DEOPT PACKING pc=0x000001f92ca9b1b2 sp=0x00000083642fe030
Event: 3223.132 Thread 0x000001f94ceea800 DEOPT UNPACKING pc=0x000001f92a89854e sp=0x00000083642fd520 mode 0


Dynamic libraries:
0x00007ff603a10000 - 0x00007ff603a57000 	C:\Java\jdk11\bin\java.exe
0x00007ffc89450000 - 0x00007ffc89645000 	C:\WINDOWS\SYSTEM32\ntdll.dll
0x00007ffc88da0000 - 0x00007ffc88e5d000 	C:\WINDOWS\System32\KERNEL32.DLL
0x00007ffc86db0000 - 0x00007ffc87079000 	C:\WINDOWS\System32\KERNELBASE.dll
0x00007ffc87c70000 - 0x00007ffc87d1c000 	C:\WINDOWS\System32\ADVAPI32.dll
0x00007ffc874b0000 - 0x00007ffc8754e000 	C:\WINDOWS\System32\msvcrt.dll
0x00007ffc87600000 - 0x00007ffc8769b000 	C:\WINDOWS\System32\sechost.dll
0x00007ffc88e60000 - 0x00007ffc88f8a000 	C:\WINDOWS\System32\RPCRT4.dll
0x00007ffc88b10000 - 0x00007ffc88cb0000 	C:\WINDOWS\System32\USER32.dll
0x00007ffc86cb0000 - 0x00007ffc86cd2000 	C:\WINDOWS\System32\win32u.dll
0x00007ffc88cb0000 - 0x00007ffc88cda000 	C:\WINDOWS\System32\GDI32.dll
0x00007ffc86b50000 - 0x00007ffc86c5b000 	C:\WINDOWS\System32\gdi32full.dll
0x00007ffc86ce0000 - 0x00007ffc86d7d000 	C:\WINDOWS\System32\msvcp_win.dll
0x00007ffc87080000 - 0x00007ffc87180000 	C:\WINDOWS\System32\ucrtbase.dll
0x00007ffc6a4b0000 - 0x00007ffc6a74a000 	C:\WINDOWS\WinSxS\amd64_microsoft.windows.common-controls_6595b64144ccf1df_6.0.19041.1110_none_60b5254171f9507e\COMCTL32.dll
0x00007ffc81970000 - 0x00007ffc8197a000 	C:\WINDOWS\SYSTEM32\VERSION.dll
0x00007ffc87480000 - 0x00007ffc874b0000 	C:\WINDOWS\System32\IMM32.DLL
0x00007ffc68070000 - 0x00007ffc68086000 	C:\Java\jdk11\bin\vcruntime140.dll
0x00007ffc2ebf0000 - 0x00007ffc2ec9a000 	C:\Java\jdk11\bin\msvcp140.dll
0x00007ffc2d210000 - 0x00007ffc2dd39000 	C:\Java\jdk11\bin\server\jvm.dll
0x00007ffc87750000 - 0x00007ffc87758000 	C:\WINDOWS\System32\PSAPI.DLL
0x00007ffc72d20000 - 0x00007ffc72d29000 	C:\WINDOWS\SYSTEM32\WSOCK32.dll
0x00007ffc88360000 - 0x00007ffc883cb000 	C:\WINDOWS\System32\WS2_32.dll
0x00007ffc750b0000 - 0x00007ffc750d7000 	C:\WINDOWS\SYSTEM32\WINMM.dll
0x00007ffc84a80000 - 0x00007ffc84a92000 	C:\WINDOWS\SYSTEM32\kernel.appcore.dll
0x00007ffc66570000 - 0x00007ffc66581000 	C:\Java\jdk11\bin\verify.dll
0x00007ffc73140000 - 0x00007ffc73324000 	C:\WINDOWS\SYSTEM32\DBGHELP.DLL
0x00007ffc72da0000 - 0x00007ffc72dcc000 	C:\WINDOWS\SYSTEM32\dbgcore.DLL
0x00007ffc873f0000 - 0x00007ffc87473000 	C:\WINDOWS\System32\bcryptPrimitives.dll
0x00007ffc55910000 - 0x00007ffc55939000 	C:\Java\jdk11\bin\java.dll
0x00007ffc66b80000 - 0x00007ffc66b96000 	C:\Java\jdk11\bin\zip.dll
0x00007ffc75970000 - 0x00007ffc7597a000 	C:\Java\jdk11\bin\jimage.dll
0x00007ffc883d0000 - 0x00007ffc88b0f000 	C:\WINDOWS\System32\SHELL32.dll
0x00007ffc84c80000 - 0x00007ffc85410000 	C:\WINDOWS\SYSTEM32\windows.storage.dll
0x00007ffc88f90000 - 0x00007ffc892e5000 	C:\WINDOWS\System32\combase.dll
0x00007ffc864e0000 - 0x00007ffc8650c000 	C:\WINDOWS\SYSTEM32\Wldp.dll
0x00007ffc876a0000 - 0x00007ffc8774e000 	C:\WINDOWS\System32\SHCORE.dll
0x00007ffc892f0000 - 0x00007ffc89345000 	C:\WINDOWS\System32\shlwapi.dll
0x00007ffc86a90000 - 0x00007ffc86aaf000 	C:\WINDOWS\SYSTEM32\profapi.dll
0x00007ffc66970000 - 0x00007ffc66989000 	C:\Java\jdk11\bin\net.dll
0x00007ffc76f00000 - 0x00007ffc77008000 	C:\WINDOWS\SYSTEM32\WINHTTP.dll
0x00007ffc86240000 - 0x00007ffc862aa000 	C:\WINDOWS\system32\mswsock.dll
0x00007ffc5dc40000 - 0x00007ffc5dc53000 	C:\Java\jdk11\bin\nio.dll
0x00007ffc86430000 - 0x00007ffc86448000 	C:\WINDOWS\SYSTEM32\CRYPTSP.dll
0x00007ffc85bc0000 - 0x00007ffc85bf4000 	C:\WINDOWS\system32\rsaenh.dll
0x00007ffc86d80000 - 0x00007ffc86da7000 	C:\WINDOWS\System32\bcrypt.dll
0x00007ffc86a10000 - 0x00007ffc86a3e000 	C:\WINDOWS\SYSTEM32\USERENV.dll
0x00007ffc86450000 - 0x00007ffc8645c000 	C:\WINDOWS\SYSTEM32\CRYPTBASE.dll
0x00007ffc85f30000 - 0x00007ffc85f6b000 	C:\WINDOWS\SYSTEM32\IPHLPAPI.DLL
0x00007ffc88350000 - 0x00007ffc88358000 	C:\WINDOWS\System32\NSI.dll
0x00007ffc803b0000 - 0x00007ffc803c7000 	C:\WINDOWS\SYSTEM32\dhcpcsvc6.DLL
0x00007ffc80390000 - 0x00007ffc803ad000 	C:\WINDOWS\SYSTEM32\dhcpcsvc.DLL
0x00007ffc85f70000 - 0x00007ffc8603c000 	C:\WINDOWS\SYSTEM32\DNSAPI.dll
0x00007ffc3a2e0000 - 0x00007ffc3a31e000 	C:\Users\Renzo\AppData\Roaming\Code\User\globalStorage\redhat.java\0.81.0\config_win\org.eclipse.equinox.launcher\org.eclipse.equinox.launcher.win32.win32.x86_64_1.2.300.v20210622-1446\eclipse_11503.dll
0x00007ffc5b8d0000 - 0x00007ffc5b8e1000 	C:\Users\Renzo\AppData\Roaming\Code\User\globalStorage\redhat.java\0.81.0\config_win\org.eclipse.osgi\22\0\.cp\jWinHttp-1.0.0.dll
0x00007ffc87760000 - 0x00007ffc8788a000 	C:\WINDOWS\System32\ole32.dll
0x00007ffc50690000 - 0x00007ffc506b7000 	C:\Java\jdk11\bin\sunec.dll
0x00007ffc765b0000 - 0x00007ffc765ba000 	C:\Windows\System32\rasadhlp.dll
0x00007ffc76e80000 - 0x00007ffc76eff000 	C:\WINDOWS\System32\fwpuclnt.dll
0x00007ffc6afa0000 - 0x00007ffc6afad000 	C:\Java\jdk11\bin\sunmscapi.dll
0x00007ffc871e0000 - 0x00007ffc8733f000 	C:\WINDOWS\System32\CRYPT32.dll
0x00007ffc86550000 - 0x00007ffc86577000 	C:\WINDOWS\SYSTEM32\ncrypt.dll
0x00007ffc86510000 - 0x00007ffc8654b000 	C:\WINDOWS\SYSTEM32\NTASN1.dll

dbghelp: loaded successfully - version: 4.0.5 - missing functions: none
symbol engine: initialized successfully - sym options: 0x614 - pdb path: .;C:\Java\jdk11\bin;C:\WINDOWS\SYSTEM32;C:\WINDOWS\WinSxS\amd64_microsoft.windows.common-controls_6595b64144ccf1df_6.0.19041.1110_none_60b5254171f9507e;C:\Java\jdk11\bin\server;C:\Users\Renzo\AppData\Roaming\Code\User\globalStorage\redhat.java\0.81.0\config_win\org.eclipse.equinox.launcher\org.eclipse.equinox.launcher.win32.win32.x86_64_1.2.300.v20210622-1446;C:\Users\Renzo\AppData\Roaming\Code\User\globalStorage\redhat.java\0.81.0\config_win\org.eclipse.osgi\22\0\.cp

VM Arguments:
jvm_args: --add-modules=ALL-SYSTEM --add-opens=java.base/java.util=ALL-UNNAMED --add-opens=java.base/java.lang=ALL-UNNAMED -Declipse.application=org.eclipse.jdt.ls.core.id1 -Dosgi.bundles.defaultStartLevel=4 -Declipse.product=org.eclipse.jdt.ls.core.product -Dfile.encoding=utf8 -DwatchParentProcess=false -XX:+UseParallelGC -XX:GCTimeRatio=4 -XX:AdaptiveSizePolicyWeight=90 -Dsun.zip.disableMemoryMapping=true -Xmx1G -Xms100m -Xverify:none 
java_command: c:\Users\Renzo\.vscode\extensions\redhat.java-0.81.0\server\plugins\org.eclipse.equinox.launcher_1.6.200.v20210416-2027.jar -configuration c:\Users\Renzo\AppData\Roaming\Code\User\globalStorage\redhat.java\0.81.0\config_win -data c:\Users\Renzo\AppData\Roaming\Code\User\workspaceStorage\ec4be4d5b39b870c8c1a6af2b4060e13\redhat.java\jdt_ws
java_class_path (initial): c:\Users\Renzo\.vscode\extensions\redhat.java-0.81.0\server\plugins\org.eclipse.equinox.launcher_1.6.200.v20210416-2027.jar
Launcher Type: SUN_STANDARD

[Global flags]
    uintx AdaptiveSizePolicyWeight                 = 90                                        {product} {command line}
     bool BytecodeVerificationLocal                = false                                     {product} {command line}
     bool BytecodeVerificationRemote               = false                                     {product} {command line}
     intx CICompilerCount                          = 3                                         {product} {ergonomic}
    uintx GCTimeRatio                              = 4                                         {product} {command line}
   size_t InitialHeapSize                          = 104857600                                 {product} {command line}
   size_t MaxHeapSize                              = 1073741824                                {product} {command line}
   size_t MaxNewSize                               = 357564416                                 {product} {ergonomic}
   size_t MinHeapDeltaBytes                        = 524288                                    {product} {ergonomic}
   size_t NewSize                                  = 34603008                                  {product} {ergonomic}
    uintx NonNMethodCodeHeapSize                   = 5830732                                {pd product} {ergonomic}
    uintx NonProfiledCodeHeapSize                  = 122913754                              {pd product} {ergonomic}
   size_t OldSize                                  = 70254592                                  {product} {ergonomic}
    uintx ProfiledCodeHeapSize                     = 122913754                              {pd product} {ergonomic}
    uintx ReservedCodeCacheSize                    = 251658240                              {pd product} {ergonomic}
     bool SegmentedCodeCache                       = true                                      {product} {ergonomic}
     bool UseCompressedClassPointers               = true                                 {lp64_product} {ergonomic}
     bool UseCompressedOops                        = true                                 {lp64_product} {ergonomic}
     bool UseLargePagesIndividualAllocation        = false                                  {pd product} {ergonomic}
     bool UseParallelGC                            = true                                      {product} {command line}

Logging:
Log output configuration:
 #0: stdout all=warning uptime,level,tags
 #1: stderr all=off uptime,level,tags

Environment Variables:
JAVA_HOME=C:\Java\jdk11
CLASSPATH=.;
PATH=C:\Java\graalvm16\bin;C:\Java\graalvm16\bin;C:\Java\graalvm16\bin;C:\WINDOWS\System32;C:\Program Files\nodejs\;C:\Program Files\Git\cmd;C:\Program Files\nodejs\;C:\Program Files\Git\cmd;C:\Program Files\nodejs\;C:\Program Files\Git\cmd;C:\Users\Renzo\AppData\Local\Microsoft\WindowsApps;C:\Program Files (x86)\Inno Setup 6;C:\Users\Renzo\AppData\Roaming\Composer\vendor\bin;C:\Users\Renzo\AppData\Local\Programs\Microsoft VS Code\bin;C:\Users\Renzo\AppData\Roaming\npm
USERNAME=Renzo
OS=Windows_NT
PROCESSOR_IDENTIFIER=Intel64 Family 6 Model 158 Stepping 11, GenuineIntel



---------------  S Y S T E M  ---------------

OS: Windows 10 , 64 bit Build 19041 (10.0.19041.1151)

CPU:total 4 (initial active 4) (4 cores per cpu, 1 threads per core) family 6 model 158 stepping 11, cmov, cx8, fxsr, mmx, sse, sse2, sse3, ssse3, sse4.1, sse4.2, popcnt, avx, avx2, aes, clmul, erms, 3dnowpref, lzcnt, tsc, tscinvbit, bmi1, bmi2, adx, fma

Memory: 4k page, system-wide physical 15273M (1743M free)
TotalPageFile size 62377M (AvailPageFile size 3M)
current process WorkingSet (physical memory assigned to process): 340M, peak: 420M
current process commit charge ("private bytes"): 418M, peak: 463M

vm_info: Java HotSpot(TM) 64-Bit Server VM (11.0.6+8-LTS) for windows-amd64 JRE (11.0.6+8-LTS), built on Dec 11 2019 09:17:57 by "mach5one" with MS VC++ 15.5 (VS2017)

END.
